<?xml version="1.0" encoding="UTF-8"?>
<testsuite xmlns:xsi="http://www.w3.org/2001/XMLSchema-instance" xsi:noNamespaceSchemaLocation="https://maven.apache.org/surefire/maven-surefire-plugin/xsd/surefire-test-report.xsd" version="3.0.2" name="edu.lopezalejandro._aMarcha.ApplicationTests" time="11.911" tests="1" errors="0" skipped="0" failures="0">
  <properties>
[...]
</properties>
  <testcase name="contextLoads" classname="edu.lopezalejandro._aMarcha.ApplicationTests" time="0.569">
    <system-out><![CDATA[13:37:54.403 [main] INFO org.springframework.test.context.support.AnnotationConfigContextLoaderUtils -- Could not detect default configuration classes for test class [edu.lopezalejandro._aMarcha.ApplicationTests]: ApplicationTests does not declare any static, non-private, non-final, nested classes annotated with @Configuration.
13:37:54.570 [main] INFO org.springframework.boot.test.context.SpringBootTestContextBootstrapper -- Found @SpringBootConfiguration edu.lopezalejandro._aMarcha.Application for test class edu.lopezalejandro._aMarcha.ApplicationTests
13:37:54.766 [main] INFO org.springframework.boot.devtools.restart.RestartApplicationListener -- Restart disabled due to context in which it is running

  .   ____          _            __ _ _
 /\\ / ___'_ __ _ _(_)_ __  __ _ \ \ \ \
( ( )\___ | '_ | '_| | '_ \/ _` | \ \ \ \
 \\/  ___)| |_)| | | | | || (_| |  ) ) ) )
  '  |____| .__|_| |_|_| |_\__, | / / / /
 =========|_|==============|___/=/_/_/_/

&amp#27;[32m :: Spring Boot :: &amp#27;[39m              &amp#27;[2m (v3.5.0)&amp#27;[0;39m

&amp#27;[2m2025-06-05T13:37:55.379+02:00&amp#27;[0;39m &amp#27;[32m INFO&amp#27;[0;39m &amp#27;[35m6396&amp#27;[0;39m &amp#27;[2m--- [PrimeraMarcha] [           main] &amp#27;[0;39m&amp#27;[36me.l._aMarcha.ApplicationTests           &amp#27;[0;39m &amp#27;[2m:&amp#27;[0;39m Starting ApplicationTests using Java 18.0.2.1 with PID 6396 (started by Usuario in D:\DESAPI\2o_DAW\TFC-Desarrollo-de-Aplicaciones-Web)
&amp#27;[2m2025-06-05T13:37:55.382+02:00&amp#27;[0;39m &amp#27;[32m INFO&amp#27;[0;39m &amp#27;[35m6396&amp#27;[0;39m &amp#27;[2m--- [PrimeraMarcha] [           main] &amp#27;[0;39m&amp#27;[36me.l._aMarcha.ApplicationTests           &amp#27;[0;39m &amp#27;[2m:&amp#27;[0;39m No active profile set, falling back to 1 default profile: "default"
&amp#27;[2m2025-06-05T13:37:57.120+02:00&amp#27;[0;39m &amp#27;[32m INFO&amp#27;[0;39m &amp#27;[35m6396&amp#27;[0;39m &amp#27;[2m--- [PrimeraMarcha] [           main] &amp#27;[0;39m&amp#27;[36m.s.d.r.c.RepositoryConfigurationDelegate&amp#27;[0;39m &amp#27;[2m:&amp#27;[0;39m Bootstrapping Spring Data JPA repositories in DEFAULT mode.
&amp#27;[2m2025-06-05T13:37:57.266+02:00&amp#27;[0;39m &amp#27;[32m INFO&amp#27;[0;39m &amp#27;[35m6396&amp#27;[0;39m &amp#27;[2m--- [PrimeraMarcha] [           main] &amp#27;[0;39m&amp#27;[36m.s.d.r.c.RepositoryConfigurationDelegate&amp#27;[0;39m &amp#27;[2m:&amp#27;[0;39m Finished Spring Data repository scanning in 131 ms. Found 5 JPA repository interfaces.
&amp#27;[2m2025-06-05T13:37:58.069+02:00&amp#27;[0;39m &amp#27;[32m INFO&amp#27;[0;39m &amp#27;[35m6396&amp#27;[0;39m &amp#27;[2m--- [PrimeraMarcha] [           main] &amp#27;[0;39m&amp#27;[36mo.hibernate.jpa.internal.util.LogHelper &amp#27;[0;39m &amp#27;[2m:&amp#27;[0;39m HHH000204: Processing PersistenceUnitInfo [name: default]
&amp#27;[2m2025-06-05T13:37:58.151+02:00&amp#27;[0;39m &amp#27;[32m INFO&amp#27;[0;39m &amp#27;[35m6396&amp#27;[0;39m &amp#27;[2m--- [PrimeraMarcha] [           main] &amp#27;[0;39m&amp#27;[36morg.hibernate.Version                   &amp#27;[0;39m &amp#27;[2m:&amp#27;[0;39m HHH000412: Hibernate ORM core version 6.6.15.Final
&amp#27;[2m2025-06-05T13:37:58.241+02:00&amp#27;[0;39m &amp#27;[32m INFO&amp#27;[0;39m &amp#27;[35m6396&amp#27;[0;39m &amp#27;[2m--- [PrimeraMarcha] [           main] &amp#27;[0;39m&amp#27;[36mo.h.c.internal.RegionFactoryInitiator   &amp#27;[0;39m &amp#27;[2m:&amp#27;[0;39m HHH000026: Second-level cache disabled
&amp#27;[2m2025-06-05T13:37:58.890+02:00&amp#27;[0;39m &amp#27;[32m INFO&amp#27;[0;39m &amp#27;[35m6396&amp#27;[0;39m &amp#27;[2m--- [PrimeraMarcha] [           main] &amp#27;[0;39m&amp#27;[36mo.s.o.j.p.SpringPersistenceUnitInfo     &amp#27;[0;39m &amp#27;[2m:&amp#27;[0;39m No LoadTimeWeaver setup: ignoring JPA class transformer
&amp#27;[2m2025-06-05T13:37:58.958+02:00&amp#27;[0;39m &amp#27;[32m INFO&amp#27;[0;39m &amp#27;[35m6396&amp#27;[0;39m &amp#27;[2m--- [PrimeraMarcha] [           main] &amp#27;[0;39m&amp#27;[36mcom.zaxxer.hikari.HikariDataSource      &amp#27;[0;39m &amp#27;[2m:&amp#27;[0;39m HikariPool-1 - Starting...
&amp#27;[2m2025-06-05T13:37:59.433+02:00&amp#27;[0;39m &amp#27;[32m INFO&amp#27;[0;39m &amp#27;[35m6396&amp#27;[0;39m &amp#27;[2m--- [PrimeraMarcha] [           main] &amp#27;[0;39m&amp#27;[36mcom.zaxxer.hikari.pool.HikariPool       &amp#27;[0;39m &amp#27;[2m:&amp#27;[0;39m HikariPool-1 - Added connection com.mysql.cj.jdbc.ConnectionImpl@558127d2
&amp#27;[2m2025-06-05T13:37:59.436+02:00&amp#27;[0;39m &amp#27;[32m INFO&amp#27;[0;39m &amp#27;[35m6396&amp#27;[0;39m &amp#27;[2m--- [PrimeraMarcha] [           main] &amp#27;[0;39m&amp#27;[36mcom.zaxxer.hikari.HikariDataSource      &amp#27;[0;39m &amp#27;[2m:&amp#27;[0;39m HikariPool-1 - Start completed.
&amp#27;[2m2025-06-05T13:37:59.516+02:00&amp#27;[0;39m &amp#27;[33m WARN&amp#27;[0;39m &amp#27;[35m6396&amp#27;[0;39m &amp#27;[2m--- [PrimeraMarcha] [           main] &amp#27;[0;39m&amp#27;[36morg.hibernate.orm.deprecation           &amp#27;[0;39m &amp#27;[2m:&amp#27;[0;39m HHH90000025: MySQLDialect does not need to be specified explicitly using 'hibernate.dialect' (remove the property setting and it will be selected by default)
&amp#27;[2m2025-06-05T13:37:59.553+02:00&amp#27;[0;39m &amp#27;[32m INFO&amp#27;[0;39m &amp#27;[35m6396&amp#27;[0;39m &amp#27;[2m--- [PrimeraMarcha] [           main] &amp#27;[0;39m&amp#27;[36morg.hibernate.orm.connections.pooling   &amp#27;[0;39m &amp#27;[2m:&amp#27;[0;39m HHH10001005: Database info:
	Database JDBC URL [Connecting through datasource 'HikariDataSource (HikariPool-1)']
	Database driver: undefined/unknown
	Database version: 8.0.27
	Autocommit mode: undefined/unknown
	Isolation level: undefined/unknown
	Minimum pool size: undefined/unknown
	Maximum pool size: undefined/unknown
&amp#27;[2m2025-06-05T13:38:00.924+02:00&amp#27;[0;39m &amp#27;[32m INFO&amp#27;[0;39m &amp#27;[35m6396&amp#27;[0;39m &amp#27;[2m--- [PrimeraMarcha] [           main] &amp#27;[0;39m&amp#27;[36mo.h.e.t.j.p.i.JtaPlatformInitiator      &amp#27;[0;39m &amp#27;[2m:&amp#27;[0;39m HHH000489: No JTA platform available (set 'hibernate.transaction.jta.platform' to enable JTA platform integration)
&amp#27;[2m2025-06-05T13:38:00.939+02:00&amp#27;[0;39m &amp#27;[32mDEBUG&amp#27;[0;39m &amp#27;[35m6396&amp#27;[0;39m &amp#27;[2m--- [PrimeraMarcha] [           main] &amp#27;[0;39m&amp#27;[36morg.hibernate.SQL                       &amp#27;[0;39m &amp#27;[2m:&amp#27;[0;39m alter table Preguntas drop foreign key FKei62g13n0aadv79igkj08a05q
Hibernate: alter table Preguntas drop foreign key FKei62g13n0aadv79igkj08a05q
&amp#27;[2m2025-06-05T13:38:00.953+02:00&amp#27;[0;39m &amp#27;[32mDEBUG&amp#27;[0;39m &amp#27;[35m6396&amp#27;[0;39m &amp#27;[2m--- [PrimeraMarcha] [           main] &amp#27;[0;39m&amp#27;[36morg.hibernate.SQL                       &amp#27;[0;39m &amp#27;[2m:&amp#27;[0;39m alter table Respuestas drop foreign key FKadn6d1uw7u3jhe956mev0epdc
Hibernate: alter table Respuestas drop foreign key FKadn6d1uw7u3jhe956mev0epdc
&amp#27;[2m2025-06-05T13:38:00.965+02:00&amp#27;[0;39m &amp#27;[32mDEBUG&amp#27;[0;39m &amp#27;[35m6396&amp#27;[0;39m &amp#27;[2m--- [PrimeraMarcha] [           main] &amp#27;[0;39m&amp#27;[36morg.hibernate.SQL                       &amp#27;[0;39m &amp#27;[2m:&amp#27;[0;39m alter table Usuarios_Examenes drop foreign key FKitbr3ws8p1nwdl523ojptikgk
Hibernate: alter table Usuarios_Examenes drop foreign key FKitbr3ws8p1nwdl523ojptikgk
&amp#27;[2m2025-06-05T13:38:00.980+02:00&amp#27;[0;39m &amp#27;[32mDEBUG&amp#27;[0;39m &amp#27;[35m6396&amp#27;[0;39m &amp#27;[2m--- [PrimeraMarcha] [           main] &amp#27;[0;39m&amp#27;[36morg.hibernate.SQL                       &amp#27;[0;39m &amp#27;[2m:&amp#27;[0;39m alter table Usuarios_Examenes drop foreign key FKc6sea2t7uslqknuvscng8uki2
Hibernate: alter table Usuarios_Examenes drop foreign key FKc6sea2t7uslqknuvscng8uki2
&amp#27;[2m2025-06-05T13:38:00.991+02:00&amp#27;[0;39m &amp#27;[32mDEBUG&amp#27;[0;39m &amp#27;[35m6396&amp#27;[0;39m &amp#27;[2m--- [PrimeraMarcha] [           main] &amp#27;[0;39m&amp#27;[36morg.hibernate.SQL                       &amp#27;[0;39m &amp#27;[2m:&amp#27;[0;39m drop table if exists Examenes
Hibernate: drop table if exists Examenes
&amp#27;[2m2025-06-05T13:38:01.003+02:00&amp#27;[0;39m &amp#27;[32mDEBUG&amp#27;[0;39m &amp#27;[35m6396&amp#27;[0;39m &amp#27;[2m--- [PrimeraMarcha] [           main] &amp#27;[0;39m&amp#27;[36morg.hibernate.SQL                       &amp#27;[0;39m &amp#27;[2m:&amp#27;[0;39m drop table if exists Preguntas
Hibernate: drop table if exists Preguntas
&amp#27;[2m2025-06-05T13:38:01.015+02:00&amp#27;[0;39m &amp#27;[32mDEBUG&amp#27;[0;39m &amp#27;[35m6396&amp#27;[0;39m &amp#27;[2m--- [PrimeraMarcha] [           main] &amp#27;[0;39m&amp#27;[36morg.hibernate.SQL                       &amp#27;[0;39m &amp#27;[2m:&amp#27;[0;39m drop table if exists Respuestas
Hibernate: drop table if exists Respuestas
&amp#27;[2m2025-06-05T13:38:01.029+02:00&amp#27;[0;39m &amp#27;[32mDEBUG&amp#27;[0;39m &amp#27;[35m6396&amp#27;[0;39m &amp#27;[2m--- [PrimeraMarcha] [           main] &amp#27;[0;39m&amp#27;[36morg.hibernate.SQL                       &amp#27;[0;39m &amp#27;[2m:&amp#27;[0;39m drop table if exists Usuarios
Hibernate: drop table if exists Usuarios
&amp#27;[2m2025-06-05T13:38:01.043+02:00&amp#27;[0;39m &amp#27;[32mDEBUG&amp#27;[0;39m &amp#27;[35m6396&amp#27;[0;39m &amp#27;[2m--- [PrimeraMarcha] [           main] &amp#27;[0;39m&amp#27;[36morg.hibernate.SQL                       &amp#27;[0;39m &amp#27;[2m:&amp#27;[0;39m drop table if exists Usuarios_Examenes
Hibernate: drop table if exists Usuarios_Examenes
&amp#27;[2m2025-06-05T13:38:01.062+02:00&amp#27;[0;39m &amp#27;[32mDEBUG&amp#27;[0;39m &amp#27;[35m6396&amp#27;[0;39m &amp#27;[2m--- [PrimeraMarcha] [           main] &amp#27;[0;39m&amp#27;[36morg.hibernate.SQL                       &amp#27;[0;39m &amp#27;[2m:&amp#27;[0;39m create table Examenes (idExamen integer not null auto_increment, nombre varchar(255), nivel enum ('Avanzado','Iniciacion','Medio'), primary key (idExamen)) engine=InnoDB
Hibernate: create table Examenes (idExamen integer not null auto_increment, nombre varchar(255), nivel enum ('Avanzado','Iniciacion','Medio'), primary key (idExamen)) engine=InnoDB
&amp#27;[2m2025-06-05T13:38:01.078+02:00&amp#27;[0;39m &amp#27;[32mDEBUG&amp#27;[0;39m &amp#27;[35m6396&amp#27;[0;39m &amp#27;[2m--- [PrimeraMarcha] [           main] &amp#27;[0;39m&amp#27;[36morg.hibernate.SQL                       &amp#27;[0;39m &amp#27;[2m:&amp#27;[0;39m create table Preguntas (IdExamen integer, idPregunta integer not null auto_increment, Enunciado_Pregunta varchar(255), primary key (idPregunta)) engine=InnoDB
Hibernate: create table Preguntas (IdExamen integer, idPregunta integer not null auto_increment, Enunciado_Pregunta varchar(255), primary key (idPregunta)) engine=InnoDB
&amp#27;[2m2025-06-05T13:38:01.100+02:00&amp#27;[0;39m &amp#27;[32mDEBUG&amp#27;[0;39m &amp#27;[35m6396&amp#27;[0;39m &amp#27;[2m--- [PrimeraMarcha] [           main] &amp#27;[0;39m&amp#27;[36morg.hibernate.SQL                       &amp#27;[0;39m &amp#27;[2m:&amp#27;[0;39m create table Respuestas (IdPregunta integer, esCorrecta bit not null, idRespuesta integer not null auto_increment, respuesta varchar(255), primary key (idRespuesta)) engine=InnoDB
Hibernate: create table Respuestas (IdPregunta integer, esCorrecta bit not null, idRespuesta integer not null auto_increment, respuesta varchar(255), primary key (idRespuesta)) engine=InnoDB
&amp#27;[2m2025-06-05T13:38:01.115+02:00&amp#27;[0;39m &amp#27;[32mDEBUG&amp#27;[0;39m &amp#27;[35m6396&amp#27;[0;39m &amp#27;[2m--- [PrimeraMarcha] [           main] &amp#27;[0;39m&amp#27;[36morg.hibernate.SQL                       &amp#27;[0;39m &amp#27;[2m:&amp#27;[0;39m create table Usuarios (Tipo_Suscripcion integer not null, idUsuario integer not null auto_increment, Contraseña_Usuario varchar(255) not null, Foto_perfil varchar(255), Nombre_Usuario varchar(255) not null, primary key (idUsuario)) engine=InnoDB
Hibernate: create table Usuarios (Tipo_Suscripcion integer not null, idUsuario integer not null auto_increment, Contraseña_Usuario varchar(255) not null, Foto_perfil varchar(255), Nombre_Usuario varchar(255) not null, primary key (idUsuario)) engine=InnoDB
&amp#27;[2m2025-06-05T13:38:01.130+02:00&amp#27;[0;39m &amp#27;[32mDEBUG&amp#27;[0;39m &amp#27;[35m6396&amp#27;[0;39m &amp#27;[2m--- [PrimeraMarcha] [           main] &amp#27;[0;39m&amp#27;[36morg.hibernate.SQL                       &amp#27;[0;39m &amp#27;[2m:&amp#27;[0;39m create table Usuarios_Examenes (fechaRealizacion date, id integer not null auto_increment, idExamen integer, idUsuario integer, nota integer not null, primary key (id)) engine=InnoDB
Hibernate: create table Usuarios_Examenes (fechaRealizacion date, id integer not null auto_increment, idExamen integer, idUsuario integer, nota integer not null, primary key (id)) engine=InnoDB
&amp#27;[2m2025-06-05T13:38:01.149+02:00&amp#27;[0;39m &amp#27;[32mDEBUG&amp#27;[0;39m &amp#27;[35m6396&amp#27;[0;39m &amp#27;[2m--- [PrimeraMarcha] [           main] &amp#27;[0;39m&amp#27;[36morg.hibernate.SQL                       &amp#27;[0;39m &amp#27;[2m:&amp#27;[0;39m alter table Usuarios add constraint UKpuykk151lhp4p7e7lpq810cus unique (Nombre_Usuario)
Hibernate: alter table Usuarios add constraint UKpuykk151lhp4p7e7lpq810cus unique (Nombre_Usuario)
&amp#27;[2m2025-06-05T13:38:01.162+02:00&amp#27;[0;39m &amp#27;[32mDEBUG&amp#27;[0;39m &amp#27;[35m6396&amp#27;[0;39m &amp#27;[2m--- [PrimeraMarcha] [           main] &amp#27;[0;39m&amp#27;[36morg.hibernate.SQL                       &amp#27;[0;39m &amp#27;[2m:&amp#27;[0;39m alter table Preguntas add constraint FKei62g13n0aadv79igkj08a05q foreign key (IdExamen) references Examenes (idExamen)
Hibernate: alter table Preguntas add constraint FKei62g13n0aadv79igkj08a05q foreign key (IdExamen) references Examenes (idExamen)
&amp#27;[2m2025-06-05T13:38:01.213+02:00&amp#27;[0;39m &amp#27;[32mDEBUG&amp#27;[0;39m &amp#27;[35m6396&amp#27;[0;39m &amp#27;[2m--- [PrimeraMarcha] [           main] &amp#27;[0;39m&amp#27;[36morg.hibernate.SQL                       &amp#27;[0;39m &amp#27;[2m:&amp#27;[0;39m alter table Respuestas add constraint FKadn6d1uw7u3jhe956mev0epdc foreign key (IdPregunta) references Preguntas (idPregunta)
Hibernate: alter table Respuestas add constraint FKadn6d1uw7u3jhe956mev0epdc foreign key (IdPregunta) references Preguntas (idPregunta)
&amp#27;[2m2025-06-05T13:38:01.263+02:00&amp#27;[0;39m &amp#27;[32mDEBUG&amp#27;[0;39m &amp#27;[35m6396&amp#27;[0;39m &amp#27;[2m--- [PrimeraMarcha] [           main] &amp#27;[0;39m&amp#27;[36morg.hibernate.SQL                       &amp#27;[0;39m &amp#27;[2m:&amp#27;[0;39m alter table Usuarios_Examenes add constraint FKitbr3ws8p1nwdl523ojptikgk foreign key (idExamen) references Examenes (idExamen)
Hibernate: alter table Usuarios_Examenes add constraint FKitbr3ws8p1nwdl523ojptikgk foreign key (idExamen) references Examenes (idExamen)
&amp#27;[2m2025-06-05T13:38:01.310+02:00&amp#27;[0;39m &amp#27;[32mDEBUG&amp#27;[0;39m &amp#27;[35m6396&amp#27;[0;39m &amp#27;[2m--- [PrimeraMarcha] [           main] &amp#27;[0;39m&amp#27;[36morg.hibernate.SQL                       &amp#27;[0;39m &amp#27;[2m:&amp#27;[0;39m alter table Usuarios_Examenes add constraint FKc6sea2t7uslqknuvscng8uki2 foreign key (idUsuario) references Usuarios (idUsuario)
Hibernate: alter table Usuarios_Examenes add constraint FKc6sea2t7uslqknuvscng8uki2 foreign key (idUsuario) references Usuarios (idUsuario)
&amp#27;[2m2025-06-05T13:38:01.369+02:00&amp#27;[0;39m &amp#27;[32m INFO&amp#27;[0;39m &amp#27;[35m6396&amp#27;[0;39m &amp#27;[2m--- [PrimeraMarcha] [           main] &amp#27;[0;39m&amp#27;[36mj.LocalContainerEntityManagerFactoryBean&amp#27;[0;39m &amp#27;[2m:&amp#27;[0;39m Initialized JPA EntityManagerFactory for persistence unit 'default'
&amp#27;[2m2025-06-05T13:38:02.223+02:00&amp#27;[0;39m &amp#27;[33m WARN&amp#27;[0;39m &amp#27;[35m6396&amp#27;[0;39m &amp#27;[2m--- [PrimeraMarcha] [           main] &amp#27;[0;39m&amp#27;[36mJpaBaseConfiguration$JpaWebConfiguration&amp#27;[0;39m &amp#27;[2m:&amp#27;[0;39m spring.jpa.open-in-view is enabled by default. Therefore, database queries may be performed during view rendering. Explicitly configure spring.jpa.open-in-view to disable this warning
&amp#27;[2m2025-06-05T13:38:03.008+02:00&amp#27;[0;39m &amp#27;[32m INFO&amp#27;[0;39m &amp#27;[35m6396&amp#27;[0;39m &amp#27;[2m--- [PrimeraMarcha] [           main] &amp#27;[0;39m&amp#27;[36mo.s.b.a.e.web.EndpointLinksResolver     &amp#27;[0;39m &amp#27;[2m:&amp#27;[0;39m Exposing 1 endpoint beneath base path '/actuator'
&amp#27;[2m2025-06-05T13:38:03.349+02:00&amp#27;[0;39m &amp#27;[32m INFO&amp#27;[0;39m &amp#27;[35m6396&amp#27;[0;39m &amp#27;[2m--- [PrimeraMarcha] [           main] &amp#27;[0;39m&amp#27;[36mr$InitializeUserDetailsManagerConfigurer&amp#27;[0;39m &amp#27;[2m:&amp#27;[0;39m Global AuthenticationManager configured with UserDetailsService bean with name users
&amp#27;[2m2025-06-05T13:38:05.342+02:00&amp#27;[0;39m &amp#27;[32m INFO&amp#27;[0;39m &amp#27;[35m6396&amp#27;[0;39m &amp#27;[2m--- [PrimeraMarcha] [           main] &amp#27;[0;39m&amp#27;[36me.l._aMarcha.ApplicationTests           &amp#27;[0;39m &amp#27;[2m:&amp#27;[0;39m Started ApplicationTests in 10.588 seconds (process running for 11.968)
]]></system-out>
  </testcase>
</testsuite>